Arguments: 
  D:\Programmes\NodeJS\node.exe C:\Users\Léo Coletta\AppData\Roaming\npm\node_modules\yarn\bin\yarn.js install

PATH: 
  C:\Program Files\NVIDIA GPU Computing Toolkit\CUDA\v10.0\bin;C:\Program Files\NVIDIA GPU Computing Toolkit\CUDA\v10.0\libnvvp;C:\Windows\System32;C:\Windows;C:\Windows\System32\wbem;C:\Windows\System32\WindowsPowerShell\v1.0\;C:\Windows\System32\OpenSSH\;C:\Program Files\NVIDIA Corporation\NVIDIA NvDLISR;C:\ProgramData\ComposerSetup\bin;C:\Program Files\Java\jre1.8.0_201\bin;D:\Programmes\flutter\src\bin;D:\Programmes\NodeJS\;D:\Programmes\Git\cmd;D:\Programmes\Go\bin;D:\Programmes\WinBuilds\bin;C:\Program Files\Java\jdk-11.0.2\bin;D:\Programmes\R-3.5.3\bin\x64;C:\Program Files\dotnet\;C:\Program Files (x86)\dotnet\;D:\Programmes\Terraform;C:\ProgramData\chocolatey\bin;C:\Program Files\Microsoft VS Code\bin;D:\Programmes\Graphviz2.38\bin;D:\wamp64\bin\php\php7.2.25;;C:\Program Files (x86)\NVIDIA Corporation\PhysX\Common;C:\Program Files\Docker\Docker\resources\bin;C:\ProgramData\DockerDesktop\version-bin;C:\WINDOWS\system32;C:\WINDOWS;C:\WINDOWS\System32\Wbem;C:\WINDOWS\System32\WindowsPowerShell\v1.0\;C:\WINDOWS\System32\OpenSSH\;D:\Programmes\Ruby26-x64\bin;C:\Users\Léo Coletta\AppData\Local\Programs\Python\Python37\Scripts\;C:\Users\Léo Coletta\AppData\Local\Programs\Python\Python37\;C:\Users\Léo Coletta\AppData\Local\Microsoft\WindowsApps;C:\Users\Léo Coletta\AppData\Roaming\Dashlane\6.1903.0.16930\bin\Firefox_Extension\{442718d9-475e-452a-b3e1-fb1ee16b8e9f}\components;C:\Users\Léo Coletta\AppData\Roaming\Dashlane\6.1903.0.16930\ucrt;C:\Users\Léo Coletta\AppData\Roaming\Dashlane\6.1903.0.16930\bin\Qt;C:\Users\Léo Coletta\AppData\Roaming\Dashlane\6.1903.0.16930\bin\Ssl;C:\Users\Léo Coletta\AppData\Roaming\Composer\vendor\bin;C:\Users\Léo Coletta\AppData\Local\atom\bin;C:\Users\Léo Coletta\AppData\Local\Microsoft\WindowsApps;C:\Users\Léo Coletta\AppData\Roaming\npm;C:\Users\Léo Coletta\go\bin;C:\Users\Léo Coletta\AppData\Roaming\Dashlane\6.1907.0.17833\bin\Firefox_Extension\{442718d9-475e-452a-b3e1-fb1ee16b8e9f}\components;C:\Users\Léo Coletta\AppData\Roaming\Dashlane\6.1907.0.17833\ucrt;C:\Users\Léo Coletta\AppData\Roaming\Dashlane\6.1907.0.17833\bin\Qt;C:\Users\Léo Coletta\AppData\Roaming\Dashlane\6.1907.0.17833\bin\Ssl;

Yarn version: 
  1.15.2

Node version: 
  10.15.1

Platform: 
  win32 x64

Trace: 
  SyntaxError: D:\Media\Documents\Projets\anais-coletta-coaching\database\package.json: Unexpected token } in JSON at position 805
      at JSON.parse (<anonymous>)
      at C:\Users\Léo Coletta\AppData\Roaming\npm\node_modules\yarn\lib\cli.js:1625:59
      at Generator.next (<anonymous>)
      at step (C:\Users\Léo Coletta\AppData\Roaming\npm\node_modules\yarn\lib\cli.js:304:30)
      at C:\Users\Léo Coletta\AppData\Roaming\npm\node_modules\yarn\lib\cli.js:315:13

npm manifest: 
  {
    "name": "anais-coletta-coaching-api",
    "version": "1.0.0",
    "description": "Backend for Anaïs Coletta Coaching website",
    "main": "index.ts",
    "scripts": {
      "build": "tsc",
      "start": "node --inspect=5858 -r ts-node/register ./src/server.ts",
      "start:watch": "nodemon --watch 'src/**/*.ts' --exec 'node --inspect=5858 -r ts-node/register' ./src/server.ts",
      "migrate": "graphile-migrate migrate",
      "migrate-shadow": "graphile-migrate migrate --shadow",
      "migrate-commit": "graphile-migrate commit",
      "migrate-uncommit": "graphile-migrate uncommit",
      "migrate-reset": "graphile-migrate reset",
      "migrate-watch": "graphile-migrate watch"
    },
    "author": "Léo Coletta",
    "license": "ISC",
    "dependencies": {
      "cross-env": "^7.0.2",
      "graphile-migrate": "^0.3.1",
    },
    "devDependencies": {
    }
  }

yarn manifest: 
  No manifest

Lockfile: 
  No lockfile
